[13:44:22] [main/INFO]: ModLauncher running: args [--launchTarget, neoforgeclientdev, --version, 21.4.38-beta, --assetIndex, asset-index, --assetsDir, C:\Users\rosar\.gradle\caches\minecraft\assets, --gameDir, ., --fml.fmlVersion, 6.0.4, --fml.mcVersion, 1.21.4, --fml.neoForgeVersion, 21.4.38-beta, --fml.neoFormVersion, 20241203.161809]
[13:44:22] [main/INFO]: JVM identified as Amazon.com Inc. OpenJDK 64-Bit Server VM 21.0.5+11-LTS
[13:44:22] [main/INFO]: ModLauncher 11.0.4+main.d2e20e43 starting: java version 21.0.5 by Amazon.com Inc.; OS Windows 11 arch amd64 version 10.0
[13:44:22] [main/WARN]: Configuration file D:\Programmazione\Mod\Only Hammers & Excavators\NEOFORGE\1.21.4\runs\client\config\fml.toml is not correct. Correcting
[13:44:22] [main/INFO]: Loading ImmediateWindowProvider fmlearlywindow
[13:44:23] [main/INFO]: Trying GL version 4.6
[13:44:23] [main/INFO]: Requested GL version 4.6 got version 4.6
[13:44:23] [main/INFO]: SpongePowered MIXIN Subsystem Version=0.8.7 Source=union:/C:/Users/rosar/.gradle/caches/modules-2/files-2.1/net.fabricmc/sponge-mixin/0.15.2+mixin.0.8.7/2af2f021d8e02a0220dc27a7a72b4666d66d44ca/sponge-mixin-0.15.2+mixin.0.8.7.jar%23166!/ Service=ModLauncher Env=CLIENT
[13:44:23] [main/WARN]: Configuration file D:\Programmazione\Mod\Only Hammers & Excavators\NEOFORGE\1.21.4\runs\client\config\fml.toml is not correct. Correcting
[13:44:23] [main/INFO]: Found mod file "neoforge-21.4.38-beta.jar" [locator: neoforge devenv provider ([D:\Programmazione\Mod\Only Hammers & Excavators\NEOFORGE\1.21.4\.gradle\repositories\ng_dummy_ng\net\neoforged\neoforge\21.4.38-beta\neoforge-21.4.38-beta.jar])]
[13:44:23] [pool-2-thread-1/INFO]: GL info: NVIDIA GeForce GTX 1650/PCIe/SSE2 GL version 4.6.0 NVIDIA 566.14, NVIDIA Corporation
[13:44:23] [main/INFO]: Found mod file "neoforge-21.4.38-beta.jar" [locator: neoforge devenv provider ([D:\Programmazione\Mod\Only Hammers & Excavators\NEOFORGE\1.21.4\.gradle\repositories\ng_dummy_ng\net\neoforged\neoforge\21.4.38-beta\neoforge-21.4.38-beta.jar])]
[13:44:23] [main/INFO]: Found mod file "main" [locator: userdev mods and services, reader: mod manifest]
[13:44:23] [main/INFO]: Found mod file "neoforge-21.4.38-beta.jar" [locator: userdev mods and services, reader: mod manifest]
[13:44:23] [main/INFO]: Found mod file "RoughlyEnoughItems-neoforge-18.0.796.jar" [locator: userdev mods and services, reader: mod manifest]
[13:44:23] [main/INFO]: Found mod file "cloth-config-neoforge-17.0.144-neoforge.jar" [locator: userdev mods and services, reader: mod manifest]
[13:44:23] [main/INFO]: Found mod file "architectury-neoforge-15.0.1.jar" [locator: userdev mods and services, reader: mod manifest]
[13:44:23] [main/INFO]: Found gamelibrary file "mixinextras-neoforge-0.4.1.jar" [locator: userdev mods and services, reader: mod manifest]
[13:44:24] [main/WARN]: Attempted to select a dependency jar for JarJar which was passed in as source: library:mixinextras.neoforge. Using Mod File: C:\Users\rosar\.gradle\caches\modules-2\files-2.1\io.github.llamalad7\mixinextras-neoforge\0.4.1\eff97772ecd0dcf8e52cdbafd3b3ccec425f8314\mixinextras-neoforge-0.4.1.jar
[13:44:24] [main/INFO]: Found 1 dependencies adding them to mods collection
[13:44:24] [main/INFO]: Found library file "net.neoforged.neoforge-coremods-21.4.38-beta.jar" [parent: neoforge-21.4.38-beta.jar, locator: jarinjar, reader: mod manifest]
[13:44:24] [main/INFO]: 
     Mod List:
		Name Version (Mod Id)

		Architectury 15.0.1 (architectury)
		Cloth Config v17 API 17.0.144 (cloth_config)
		Minecraft 1.21.4 (minecraft)
		NeoForge 21.4.38-beta (neoforge)
		OnlyHammersAndExcavators 1.21.4-0.1 (onlyhammersandexcavators)
		Roughly Enough Items (REI) 18.0.796 (roughlyenoughitems)
[13:44:25] [main/INFO]: Launching target 'neoforgeclientdev' with arguments [--version, 21.4.38-beta, --gameDir, ., --assetsDir, C:\Users\rosar\.gradle\caches\minecraft\assets, --assetIndex, asset-index]
[04gen2025 13:44:27.421] [Datafixer Bootstrap/INFO] [com.mojang.datafixers.DataFixerBuilder/]: 246 Datafixer optimizations took 545 milliseconds
[04gen2025 13:44:27.554] [pool-9-thread-1/INFO] [MixinExtras|Service/]: Initializing MixinExtras via com.llamalad7.mixinextras.service.MixinExtrasServiceImpl(version=0.4.1).
[04gen2025 13:44:34.942] [main/WARN] [net.minecraft.commands.Commands/]: Ambiguity between arguments [teleport, location] and [teleport, destination] with inputs: [0.1 -0.5 .9, 0 0 0]
[04gen2025 13:44:34.944] [main/WARN] [net.minecraft.commands.Commands/]: Ambiguity between arguments [teleport, location] and [teleport, targets] with inputs: [0.1 -0.5 .9, 0 0 0]
[04gen2025 13:44:34.948] [main/WARN] [net.minecraft.commands.Commands/]: Ambiguity between arguments [teleport, destination] and [teleport, targets] with inputs: [Player, 0123, @e, dd12be42-52a9-4a91-a8a1-11c01849e498]
[04gen2025 13:44:34.950] [main/WARN] [net.minecraft.commands.Commands/]: Ambiguity between arguments [teleport, targets] and [teleport, destination] with inputs: [Player, 0123, dd12be42-52a9-4a91-a8a1-11c01849e498]
[04gen2025 13:44:34.951] [main/WARN] [net.minecraft.commands.Commands/]: Ambiguity between arguments [teleport, targets, location] and [teleport, targets, destination] with inputs: [0.1 -0.5 .9, 0 0 0]
[04gen2025 13:44:35.149] [Render thread/WARN] [net.minecraft.server.packs.VanillaPackResourcesBuilder/]: Assets URL 'union:/D:/Programmazione/Mod/Only%20Hammers%20&%20Excavators/NEOFORGE/1.21.4/.gradle/repositories/ng_dummy_ng/net/neoforged/neoforge/21.4.38-beta/neoforge-21.4.38-beta.jar%23221!/assets/.mcassetsroot' uses unexpected schema
[04gen2025 13:44:35.149] [Render thread/WARN] [net.minecraft.server.packs.VanillaPackResourcesBuilder/]: Assets URL 'union:/D:/Programmazione/Mod/Only%20Hammers%20&%20Excavators/NEOFORGE/1.21.4/.gradle/repositories/ng_dummy_ng/net/neoforged/neoforge/21.4.38-beta/neoforge-21.4.38-beta.jar%23221!/data/.mcassetsroot' uses unexpected schema
[04gen2025 13:44:35.179] [Render thread/INFO] [com.mojang.authlib.yggdrasil.YggdrasilAuthenticationService/]: Environment: Environment[sessionHost=https://sessionserver.mojang.com, servicesHost=https://api.minecraftservices.com, name=PROD]
[04gen2025 13:44:35.190] [Render thread/INFO] [net.minecraft.client.Minecraft/]: Setting user: Dev
[04gen2025 13:44:35.339] [Render thread/INFO] [net.minecraft.client.Minecraft/]: Backend library: LWJGL version 3.3.3+5
[04gen2025 13:44:35.656] [modloading-worker-0/INFO] [net.neoforged.neoforge.common.NeoForgeMod/NEOFORGE-MOD]: NeoForge mod loading, version 21.4.38-beta, for MC 1.21.4
[04gen2025 13:44:35.837] [modloading-worker-0/INFO] [REI/]: [REI] Config loaded
[04gen2025 13:44:35.968] [modloading-worker-0/INFO] [REI/]: [REI] Registered plugin provider DefaultPluginImpl [roughlyenoughitems] for REICommonPlugin
[04gen2025 13:44:35.971] [modloading-worker-0/INFO] [REI/]: [REI] Registered plugin provider DefaultRuntimePlugin [roughlyenoughitems] for REICommonPlugin
[04gen2025 13:44:35.999] [modloading-worker-0/INFO] [REI/]: [REI] Registered plugin provider DefaultClientPluginImpl [roughlyenoughitems] for REIClientPlugin
[04gen2025 13:44:36.010] [modloading-worker-0/INFO] [REI/]: [REI] Registered plugin provider DefaultClientRuntimePlugin [roughlyenoughitems] for REIClientPlugin
[04gen2025 13:44:36.013] [modloading-worker-0/INFO] [REI/]: [REI] Registered plugin provider HideIngredientsFromTagsPlugin [roughlyenoughitems] for REIClientPlugin
[04gen2025 13:44:36.301] [modloading-sync-worker/WARN] [net.neoforged.fml.config.ConfigTracker/CONFIG]: Configuration file D:\Programmazione\Mod\Only Hammers & Excavators\NEOFORGE\1.21.4\runs\client\config\neoforge-client.toml is not correct. Correcting
[04gen2025 13:44:36.331] [modloading-sync-worker/WARN] [net.neoforged.fml.config.ConfigTracker/CONFIG]: Configuration file D:\Programmazione\Mod\Only Hammers & Excavators\NEOFORGE\1.21.4\runs\client\config\neoforge-common.toml is not correct. Correcting
[04gen2025 13:44:37.028] [Render thread/INFO] [net.neoforged.neoforge.gametest.GameTestHooks/]: Enabled Gametest Namespaces: []
[04gen2025 13:44:37.176] [Render thread/INFO] [net.minecraft.server.packs.resources.ReloadableResourceManager/]: Reloading ResourceManager: vanilla, mod_resources, mod/onlyhammersandexcavators, mod/roughlyenoughitems, mod/cloth_config, mod/architectury, mod/neoforge
[04gen2025 13:44:37.342] [resourceLoad/INFO] [net.minecraft.client.gui.font.providers.UnihexProvider/]: Found unifont_all_no_pua-16.0.01.hex, loading
[04gen2025 13:44:37.814] [resourceLoad/INFO] [net.minecraft.client.gui.font.providers.UnihexProvider/]: Found unifont_jp_patch-16.0.01.hex, loading
[04gen2025 13:44:39.376] [Render thread/INFO] [com.mojang.blaze3d.audio.Library/]: OpenAL initialized on device OpenAL Soft on Altoparlanti (HyperX Cloud II Wireless)
[04gen2025 13:44:39.377] [Render thread/INFO] [net.minecraft.client.sounds.SoundEngine/SOUNDS]: Sound engine started
[04gen2025 13:44:39.497] [Render thread/INFO] [net.minecraft.client.renderer.texture.TextureAtlas/]: Created: 1024x512x4 minecraft:textures/atlas/blocks.png-atlas
[04gen2025 13:44:39.504] [Render thread/INFO] [net.minecraft.client.renderer.texture.TextureAtlas/]: Created: 256x256x4 minecraft:textures/atlas/signs.png-atlas
[04gen2025 13:44:39.505] [Render thread/INFO] [net.minecraft.client.renderer.texture.TextureAtlas/]: Created: 512x512x4 minecraft:textures/atlas/shield_patterns.png-atlas
[04gen2025 13:44:39.505] [Render thread/INFO] [net.minecraft.client.renderer.texture.TextureAtlas/]: Created: 512x512x4 minecraft:textures/atlas/banner_patterns.png-atlas
[04gen2025 13:44:39.506] [Render thread/INFO] [net.minecraft.client.renderer.texture.TextureAtlas/]: Created: 2048x1024x4 minecraft:textures/atlas/armor_trims.png-atlas
[04gen2025 13:44:39.512] [Render thread/INFO] [net.minecraft.client.renderer.texture.TextureAtlas/]: Created: 256x256x4 minecraft:textures/atlas/chest.png-atlas
[04gen2025 13:44:39.514] [Render thread/INFO] [net.minecraft.client.renderer.texture.TextureAtlas/]: Created: 128x64x4 minecraft:textures/atlas/decorated_pot.png-atlas
[04gen2025 13:44:39.514] [Render thread/INFO] [net.minecraft.client.renderer.texture.TextureAtlas/]: Created: 512x256x4 minecraft:textures/atlas/shulker_boxes.png-atlas
[04gen2025 13:44:39.515] [Render thread/INFO] [net.minecraft.client.renderer.texture.TextureAtlas/]: Created: 512x256x4 minecraft:textures/atlas/beds.png-atlas
[04gen2025 13:44:39.518] [Render thread/INFO] [net.minecraft.client.renderer.texture.TextureAtlas/]: Created: 64x64x0 minecraft:textures/atlas/map_decorations.png-atlas
[04gen2025 13:44:39.726] [Render thread/INFO] [net.minecraft.client.renderer.texture.TextureAtlas/]: Created: 512x256x0 minecraft:textures/atlas/particles.png-atlas
[04gen2025 13:44:39.727] [Render thread/INFO] [net.minecraft.client.renderer.texture.TextureAtlas/]: Created: 512x256x0 minecraft:textures/atlas/paintings.png-atlas
[04gen2025 13:44:39.728] [Render thread/INFO] [net.minecraft.client.renderer.texture.TextureAtlas/]: Created: 256x128x0 minecraft:textures/atlas/mob_effects.png-atlas
[04gen2025 13:44:39.728] [Render thread/INFO] [net.minecraft.client.renderer.texture.TextureAtlas/]: Created: 1024x1024x0 minecraft:textures/atlas/gui.png-atlas
[04gen2025 13:44:39.735] [Render thread/INFO] [net.neoforged.neoforge.client.entity.animation.json.AnimationLoader/]: Loaded 0 entity animations
[04gen2025 13:45:00.192] [Render thread/INFO] [net.minecraft.world.item.crafting.RecipeManager/]: Loaded 1390 recipes
[04gen2025 13:45:00.206] [Render thread/INFO] [net.minecraft.advancements.AdvancementTree/]: Loaded 1501 advancements
[04gen2025 13:45:00.407] [Server thread/INFO] [net.minecraft.client.server.IntegratedServer/]: Starting integrated minecraft server version 1.21.4
[04gen2025 13:45:00.407] [Server thread/INFO] [net.minecraft.server.MinecraftServer/]: Generating keypair
[04gen2025 13:45:00.542] [Server thread/WARN] [net.neoforged.fml.config.ConfigTracker/CONFIG]: Configuration file D:\Programmazione\Mod\Only Hammers & Excavators\NEOFORGE\1.21.4\runs\client\config\neoforge-server.toml is not correct. Correcting
[04gen2025 13:45:02.740] [Server thread/INFO] [net.minecraft.server.MinecraftServer/]: Preparing start region for dimension minecraft:overworld
[04gen2025 13:45:02.890] [progressListener/INFO] [net.minecraft.server.level.progress.LoggerChunkProgressListener/]: Preparing spawn area: 2%
[04gen2025 13:45:03.182] [Server thread/INFO] [net.neoforged.neoforge.server.permission.PermissionAPI/]: Successfully initialized permission handler neoforge:default_handler
[04gen2025 13:45:03.186] [progressListener/INFO] [net.minecraft.server.level.progress.LoggerChunkProgressListener/]: Time elapsed: 442 ms
[04gen2025 13:45:03.338] [Server thread/INFO] [net.minecraft.client.server.IntegratedServer/]: Changing view distance to 12, from 10
[04gen2025 13:45:03.338] [Server thread/INFO] [net.minecraft.client.server.IntegratedServer/]: Changing simulation distance to 12, from 0
[04gen2025 13:45:04.505] [Server thread/INFO] [net.minecraft.server.players.PlayerList/]: Dev[local:E:3198d6ec] logged in with entity id 1 at (5.5, 69.0, 40.5)
[04gen2025 13:45:04.594] [Server thread/INFO] [net.minecraft.server.MinecraftServer/]: Dev joined the game
[04gen2025 13:45:07.698] [Render thread/WARN] [REI/]: [REI] Found 1 existing reload task(s) after trying to terminate them!
[04gen2025 13:45:07.716] [Render thread/INFO] [net.minecraft.advancements.AdvancementTree/]: Loaded 2 advancements
[04gen2025 13:45:07.726] [REI-ReloadPlugins/INFO] [REI/]: [REI] @@@@@@@@@@@@@@@@@@@@@@@@@@@@@@@@@@@@@@@@
[04gen2025 13:45:07.726] [REI-ReloadPlugins/INFO] [REI/]: [REI] REICommonPlugin starting main-reload for START.
[04gen2025 13:45:07.727] [REI-ReloadPlugins/INFO] [REI/]: [REI] Plugins (2):
[04gen2025 13:45:07.728] [REI-ReloadPlugins/INFO] [REI/]: [REI]  - (-100,00) DefaultPluginImpl of DefaultPluginImpl [roughlyenoughitems]
[04gen2025 13:45:07.728] [REI-ReloadPlugins/INFO] [REI/]: [REI]  - (0,00) DefaultRuntimePlugin of DefaultRuntimePlugin [roughlyenoughitems]
[04gen2025 13:45:07.728] [REI-ReloadPlugins/INFO] [REI/]: [REI] @@@@@@@@@@@@@@@@@@@@@@@@@@@@@@@@@@@@@@@@
[04gen2025 13:45:07.833] [REI-ReloadPlugins/INFO] [REI/]: [REI] ========================================
[04gen2025 13:45:07.833] [REI-ReloadPlugins/INFO] [REI/]: [REI] REIClientPlugin starting main-reload for START.
[04gen2025 13:45:07.834] [REI-ReloadPlugins/INFO] [REI/]: [REI] Plugins (3):
[04gen2025 13:45:07.834] [REI-ReloadPlugins/INFO] [REI/]: [REI]  - (-100,00) DefaultClientPluginImpl of DefaultClientPluginImpl [roughlyenoughitems]
[04gen2025 13:45:07.834] [REI-ReloadPlugins/INFO] [REI/]: [REI]  - (0,00) HideIngredientsFromTagsPlugin of HideIngredientsFromTagsPlugin [roughlyenoughitems]
[04gen2025 13:45:07.834] [REI-ReloadPlugins/INFO] [REI/]: [REI]  - (0,00) DefaultClientRuntimePlugin of DefaultClientRuntimePlugin [roughlyenoughitems]
[04gen2025 13:45:07.834] [REI-ReloadPlugins/INFO] [REI/]: [REI] ========================================
[04gen2025 13:45:08.240] [REI-ReloadPlugins/INFO] [REI/]: [REI] REICommonPlugin finished post-reload for START in 1.911 ms, totaling 126.8 ms.
[04gen2025 13:45:08.243] [REI-ReloadPlugins/INFO] [REI/]: [REI] REIClientPlugin finished post-reload for START in 1.810 ms, totaling 407.5 ms.
[04gen2025 13:45:08.251] [REI-ReloadPlugins/INFO] [REI/]: [REI] ~~~~~~~~~~~~~~~~~~~~~~~~~~~~~~~~~~~~~~~~
[04gen2025 13:45:08.251] [REI-ReloadPlugins/INFO] [REI/]: [REI] REICommonPlugin starting main-reload for END.
[04gen2025 13:45:08.252] [REI-ReloadPlugins/INFO] [REI/]: [REI] Plugins (2):
[04gen2025 13:45:08.252] [REI-ReloadPlugins/INFO] [REI/]: [REI]  - (-100,00) DefaultPluginImpl of DefaultPluginImpl [roughlyenoughitems]
[04gen2025 13:45:08.252] [REI-ReloadPlugins/INFO] [REI/]: [REI]  - (0,00) DefaultRuntimePlugin of DefaultRuntimePlugin [roughlyenoughitems]
[04gen2025 13:45:08.252] [REI-ReloadPlugins/INFO] [REI/]: [REI] ~~~~~~~~~~~~~~~~~~~~~~~~~~~~~~~~~~~~~~~~
[04gen2025 13:45:08.329] [REI-ReloadPlugins/INFO] [REI/]: [REI] ~~~~~~~~~~~~~~~~~~~~~~~~~~~~~~~~~~~~~~~~
[04gen2025 13:45:08.329] [REI-ReloadPlugins/INFO] [REI/]: [REI] REIClientPlugin starting main-reload for END.
[04gen2025 13:45:08.332] [REI-ReloadPlugins/INFO] [REI/]: [REI] Plugins (3):
[04gen2025 13:45:08.332] [REI-ReloadPlugins/INFO] [REI/]: [REI]  - (-100,00) DefaultClientPluginImpl of DefaultClientPluginImpl [roughlyenoughitems]
[04gen2025 13:45:08.332] [REI-ReloadPlugins/INFO] [REI/]: [REI]  - (0,00) HideIngredientsFromTagsPlugin of HideIngredientsFromTagsPlugin [roughlyenoughitems]
[04gen2025 13:45:08.332] [REI-ReloadPlugins/INFO] [REI/]: [REI]  - (0,00) DefaultClientRuntimePlugin of DefaultClientRuntimePlugin [roughlyenoughitems]
[04gen2025 13:45:08.332] [REI-ReloadPlugins/INFO] [REI/]: [REI] ~~~~~~~~~~~~~~~~~~~~~~~~~~~~~~~~~~~~~~~~
[04gen2025 13:45:08.535] [Server thread/INFO] [net.minecraft.client.server.IntegratedServer/]: Saving and pausing game...
[04gen2025 13:45:08.583] [Server thread/INFO] [net.minecraft.server.MinecraftServer/]: Saving chunks for level 'ServerLevel[New World]'/minecraft:overworld
[04gen2025 13:45:08.633] [Server thread/INFO] [net.minecraft.server.MinecraftServer/]: Saving chunks for level 'ServerLevel[New World]'/minecraft:the_nether
[04gen2025 13:45:08.634] [Server thread/INFO] [net.minecraft.server.MinecraftServer/]: Saving chunks for level 'ServerLevel[New World]'/minecraft:the_end
[04gen2025 13:45:09.006] [REI-ReloadPlugins/INFO] [REI/]: [REI] REICommonPlugin finished post-reload for END in 943.9 μs, totaling 80.49 ms.
[04gen2025 13:45:09.022] [REI-ReloadPlugins/INFO] [REI/]: [REI] REIClientPlugin finished post-reload for END in 3.040 ms, totaling 679.3 ms.
[04gen2025 13:45:24.618] [Render thread/INFO] [REI/]: [REI] [REI Server Display Sync] Received server's request to append 1570 recipes.
[04gen2025 13:45:24.976] [Render thread/WARN] [REI/]: [REI] Detected runtime DisplayRegistry modification, this can be extremely dangerous!
